<?xml version="1.0" encoding="UTF-8"?>
<testsuite xmlns:xsi="http://www.w3.org/2001/XMLSchema-instance" xsi:noNamespaceSchemaLocation="https://maven.apache.org/surefire/maven-surefire-plugin/xsd/surefire-test-report.xsd" name="runner.RunnerTests" time="96.113" tests="6" errors="0" skipped="0" failures="1">
  <properties>
[...]
</properties>
  <testcase name="Check login functionality" classname="Smoke" time="17.576"/>
  <testcase name="Check search functionality" classname="Smoke" time="11.848"/>
  <testcase name="Check name editing" classname="Smoke" time="20.26"/>
  <testcase name="Check Costumer Service page" classname="Smoke" time="12.559"/>
  <testcase name="Check changing location entering US zip code" classname="Smoke" time="21.548">
    <failure message="Element should visible {By.xpath: //input[contains(@id, &apos;ZipUpdateInput&apos;)]}&#10;Element: &apos;&lt;input aria-label=&quot;or enter a US zip code&quot; class=&quot;GLUX_Full_Width a-declarative&quot; data-action=&quot;GLUXPostalInputAction&quot; id=&quot;GLUXZipUpdateInput&quot; maxlength=&quot;5&quot; type=&quot;text&quot; value=&quot;92065&quot; displayed:false&gt;&lt;/input&gt;&apos;&#10;Actual value: hidden&#10;Screenshot: file:/C:/Users/froom/IdeaProjects/CucumberFT/target/screenshots/1640097661263.0.png&#10;Page source: file:/C:/Users/froom/IdeaProjects/CucumberFT/target/screenshots/1640097661263.0.html&#10;Timeout: 4 s." type="com.codeborne.selenide.ex.ElementShould"><![CDATA[com.codeborne.selenide.ex.ElementShould: 
Element should visible {By.xpath: //input[contains(@id, 'ZipUpdateInput')]}
Element: '<input aria-label="or enter a US zip code" class="GLUX_Full_Width a-declarative" data-action="GLUXPostalInputAction" id="GLUXZipUpdateInput" maxlength="5" type="text" value="92065" displayed:false></input>'
Actual value: hidden
Screenshot: file:/C:/Users/froom/IdeaProjects/CucumberFT/target/screenshots/1640097661263.0.png
Page source: file:/C:/Users/froom/IdeaProjects/CucumberFT/target/screenshots/1640097661263.0.html
Timeout: 4 s.
]]></failure>
    <system-out><![CDATA[
Scenario Outline: Check changing location entering US zip code  # src/test/resources/smoke.feature:98
  Given User opens 'https://www.amazon.com/' page               # stepdefinitions.DefinitionSteps.openPage(java.lang.String)
  And User clicks Sign-in form button                           # stepdefinitions.DefinitionSteps.userClicksSignInFormButton()
  And User logs in using Email as 'oaa9729@gmail.com'           # stepdefinitions.DefinitionSteps.userLogsInUsingEmailAsEMAIL(java.lang.String)
  And User clicks continue button                               # stepdefinitions.DefinitionSteps.userClicksContinueButton()
  And User logs in using Password as '6nA)W2K6T'                # stepdefinitions.DefinitionSteps.userLogsInUsingPasswordAsPASSWORD(java.lang.String)
  And User clicks Sign-in button                                # stepdefinitions.DefinitionSteps.userClicksSignInButton()
  And User checks change location button visibility             # stepdefinitions.DefinitionSteps.userChecksChangeLocationButtonVisibility()
  When User clicks on choose location button                    # stepdefinitions.DefinitionSteps.userClicksOnChooseLocationButton()
  And User checks enter zip code field visibility               # stepdefinitions.DefinitionSteps.userChecksEnterZipCodeFieldVisibility()
      Element should visible {By.xpath: //input[contains(@id, 'ZipUpdateInput')]}
Element: '<input aria-label="or enter a US zip code" class="GLUX_Full_Width a-declarative" data-action="GLUXPostalInputAction" id="GLUXZipUpdateInput" maxlength="5" type="text" value="92065" displayed:false></input>'
Actual value: hidden
Screenshot: file:/C:/Users/froom/IdeaProjects/CucumberFT/target/screenshots/1640097661263.0.png
Page source: file:/C:/Users/froom/IdeaProjects/CucumberFT/target/screenshots/1640097661263.0.html
Timeout: 4 s.
	at com.codeborne.selenide.impl.WebElementSource.checkCondition(WebElementSource.java:127)
	at com.codeborne.selenide.commands.Should.execute(Should.java:30)
	at com.codeborne.selenide.commands.Should.execute(Should.java:14)
	at com.codeborne.selenide.commands.Commands.execute(Commands.java:154)
	at com.codeborne.selenide.impl.SelenideElementProxy.dispatchAndRetry(SelenideElementProxy.java:131)
	at com.codeborne.selenide.impl.SelenideElementProxy.invoke(SelenideElementProxy.java:83)
	at com.sun.proxy.$Proxy22.should(Unknown Source)
	at pages.HomePage.isZipCodeInputFieldVisible(HomePage.java:98)
	at stepdefinitions.DefinitionSteps.userChecksEnterZipCodeFieldVisibility(DefinitionSteps.java:319)
	at вњЅ.User checks enter zip code field visibility(file:///C:/Users/froom/IdeaProjects/CucumberFT/src/test/resources/smoke.feature:89)

  And User enters '92065' in field                              # stepdefinitions.DefinitionSteps.userEntersZIPInField(java.lang.String)
  And User clicks on Apply button                               # stepdefinitions.DefinitionSteps.userClicksOnApplyButton()
  And User clicks on continue button                            # stepdefinitions.DefinitionSteps.userClicksOnContinueButton()
  And User clicks on the first item in the list                 # stepdefinitions.DefinitionSteps.userClicksOnTheFirstItemInTheList()
  Then User checks that delivery location contains '92065' code # stepdefinitions.DefinitionSteps.userChecksThatDeliveryLocationContainsZIPCode(java.lang.String)
]]></system-out>
    <system-err><![CDATA[Starting ChromeDriver 96.0.4664.45 (76e4c1bb2ab4671b8beba3444e61c0f17584b2fc-refs/branch-heads/4664@{#947}) on port 49497
Only local connections are allowed.
Please see https://chromedriver.chromium.org/security-considerations for suggestions on keeping ChromeDriver safe.
ChromeDriver was started successfully.
груд. 21, 2021 4:40:46 ПП org.openqa.selenium.remote.ProtocolHandshake createSession
INFO: Detected dialect: W3C
груд. 21, 2021 4:40:46 ПП org.openqa.selenium.devtools.CdpVersionFinder findNearestMatch
INFO: Found exact CDP implementation for version 96
]]></system-err>
  </testcase>
  <testcase name="Check changing language and currency" classname="Smoke" time="11.544"/>
</testsuite>